Running: /opt/Xilinx/14.7/ISE_DS/ISE/bin/lin64/unwrapped/fuse -intstyle ise -incremental -lib unisims_ver -lib unimacro_ver -lib xilinxcorelib_ver -lib secureip -o /home/mitchell/Documentos/Cam/TB_ram_isim_beh.exe -prj /home/mitchell/Documentos/Cam/TB_ram_beh.prj work.TB_ram work.glbl 
ISim P.20131013 (signature 0xfbc00daa)
Number of CPUs detected in this system: 4
Turning on mult-threading, number of parallel sub-compilation jobs: 8 
Determining compilation order of HDL files
Analyzing Verilog file "/home/mitchell/Documentos/Cam/buffer_ram_dp.v" into library work
Analyzing Verilog file "/home/mitchell/Documentos/Cam/TB_ram.v" into library work
Analyzing Verilog file "/opt/Xilinx/14.7/ISE_DS/ISE//verilog/src/glbl.v" into library work
Starting static elaboration
Completed static elaboration
Fuse Memory Usage: 95480 KB
Fuse CPU Usage: 1060 ms
Compiling module buffer_ram_dp_default
Compiling module TB_ram
Compiling module glbl
Time Resolution for simulation is 1ps.
Waiting for 1 sub-compilation(s) to finish...
Compiled 3 Verilog Units
Built simulation executable /home/mitchell/Documentos/Cam/TB_ram_isim_beh.exe
Fuse Memory Usage: 655668 KB
Fuse CPU Usage: 1080 ms
GCC CPU Usage: 470 ms
