ISim log file
Running: /home/mitchell/Documentos/Cam/TB_ram_isim_beh.exe -intstyle ise -gui -tclbatch isim.cmd -wdb /home/mitchell/Documentos/Cam/TB_ram_isim_beh.wdb 
ISim P.20131013 (signature 0xfbc00daa)
WARNING: A WEBPACK license was found.
WARNING: Please use Xilinx License Configuration Manager to check out a full ISim license.
WARNING: ISim will run in Lite mode. Please refer to the ISim documentation for more information on the differences between the Lite and the Full version.
This is a Lite version of ISim.
Time resolution is 1 ps
# onerror resume
# wave add /
# run 1000 ns
Simulator is doing circuit initialization process.
Finished circuit initialization process.
el valor de memoria      0 =  38739
el valor de memoria      1 =  38739
el valor de memoria      2 =  38739
el valor de memoria      3 =  38739
el valor de memoria      4 =  38739
el valor de memoria      5 =  38739
el valor de memoria      6 =  38739
el valor de memoria      7 =  38739
el valor de memoria      2 = 65535
el valor de memoria      3 = 38739
el valor de memoria      1 = 34370
el valor de memoria      4 = 38739
