--------------------------------------------------------------------------------
Release 14.7 Trace  (lin64)
Copyright (c) 1995-2013 Xilinx, Inc.  All rights reserved.

/opt/Xilinx/14.7/ISE_DS/ISE/bin/lin64/unwrapped/trce -intstyle ise -v 3 -s 3 -n
3 -fastpaths -xml buffer_ram_dp.twx buffer_ram_dp.ncd -o buffer_ram_dp.twr
buffer_ram_dp.pcf -ucf cam.ucf

Design file:              buffer_ram_dp.ncd
Physical constraint file: buffer_ram_dp.pcf
Device,package,speed:     xc7a100t,csg324,C,-3 (PRODUCTION 1.10 2013-10-13)
Report level:             verbose report

Environment Variable      Effect 
--------------------      ------ 
NONE                      No environment variables were set
--------------------------------------------------------------------------------

INFO:Timing:2698 - No timing constraints found, doing default enumeration.
INFO:Timing:3412 - To improve timing, see the Timing Closure User Guide (UG612).
INFO:Timing:2752 - To get complete path coverage, use the unconstrained paths 
   option. All paths that are not constrained will be reported in the 
   unconstrained paths section(s) of the report.
INFO:Timing:3339 - The clock-to-out numbers in this timing report are based on 
   a 50 Ohm transmission line loading model.  For the details of this model, 
   and for more information on accounting for different loading conditions, 
   please see the device datasheet.



Data Sheet report:
-----------------
All values displayed in nanoseconds (ns)

Setup/Hold to clock clk
------------+------------+------------+------------+------------+------------------+--------+
            |Max Setup to|  Process   |Max Hold to |  Process   |                  | Clock  |
Source      | clk (edge) |   Corner   | clk (edge) |   Corner   |Internal Clock(s) | Phase  |
------------+------------+------------+------------+------------+------------------+--------+
addr_in<0>  |    3.173(R)|      SLOW  |    3.140(R)|      SLOW  |clk_BUFGP         |   0.000|
addr_in<1>  |    2.207(R)|      SLOW  |    3.077(R)|      SLOW  |clk_BUFGP         |   0.000|
addr_in<2>  |    3.218(R)|      SLOW  |    2.955(R)|      SLOW  |clk_BUFGP         |   0.000|
addr_in<3>  |    2.957(R)|      SLOW  |    2.921(R)|      SLOW  |clk_BUFGP         |   0.000|
addr_in<4>  |    2.665(R)|      SLOW  |    2.960(R)|      SLOW  |clk_BUFGP         |   0.000|
addr_in<5>  |    3.413(R)|      SLOW  |    2.931(R)|      SLOW  |clk_BUFGP         |   0.000|
addr_in<6>  |    2.976(R)|      SLOW  |    3.145(R)|      SLOW  |clk_BUFGP         |   0.000|
addr_in<7>  |    3.162(R)|      SLOW  |    3.000(R)|      SLOW  |clk_BUFGP         |   0.000|
addr_in<8>  |    2.528(R)|      SLOW  |    2.985(R)|      SLOW  |clk_BUFGP         |   0.000|
addr_in<9>  |    2.916(R)|      SLOW  |    2.974(R)|      SLOW  |clk_BUFGP         |   0.000|
addr_in<10> |    3.271(R)|      SLOW  |    2.919(R)|      SLOW  |clk_BUFGP         |   0.000|
addr_in<11> |    4.202(R)|      SLOW  |    2.908(R)|      SLOW  |clk_BUFGP         |   0.000|
addr_in<12> |    3.268(R)|      SLOW  |    3.019(R)|      SLOW  |clk_BUFGP         |   0.000|
addr_in<13> |    3.385(R)|      SLOW  |    2.978(R)|      SLOW  |clk_BUFGP         |   0.000|
addr_in<14> |    3.214(R)|      SLOW  |    2.937(R)|      SLOW  |clk_BUFGP         |   0.000|
addr_in<15> |    2.877(R)|      FAST  |    3.042(R)|      SLOW  |clk_BUFGP         |   0.000|
addr_in<16> |    2.746(R)|      FAST  |    2.582(R)|      SLOW  |clk_BUFGP         |   0.000|
addr_out<0> |    2.212(R)|      SLOW  |    3.100(R)|      SLOW  |clk_BUFGP         |   0.000|
addr_out<1> |    2.415(R)|      SLOW  |    2.990(R)|      SLOW  |clk_BUFGP         |   0.000|
addr_out<2> |    2.840(R)|      SLOW  |    3.054(R)|      SLOW  |clk_BUFGP         |   0.000|
addr_out<3> |    2.467(R)|      SLOW  |    3.102(R)|      SLOW  |clk_BUFGP         |   0.000|
addr_out<4> |    2.758(R)|      SLOW  |    3.084(R)|      SLOW  |clk_BUFGP         |   0.000|
addr_out<5> |    2.449(R)|      SLOW  |    2.952(R)|      SLOW  |clk_BUFGP         |   0.000|
addr_out<6> |    3.041(R)|      SLOW  |    3.103(R)|      SLOW  |clk_BUFGP         |   0.000|
addr_out<7> |    2.751(R)|      SLOW  |    3.122(R)|      SLOW  |clk_BUFGP         |   0.000|
addr_out<8> |    3.142(R)|      SLOW  |    3.098(R)|      SLOW  |clk_BUFGP         |   0.000|
addr_out<9> |    2.821(R)|      SLOW  |    2.998(R)|      SLOW  |clk_BUFGP         |   0.000|
addr_out<10>|    3.006(R)|      SLOW  |    2.976(R)|      SLOW  |clk_BUFGP         |   0.000|
addr_out<11>|    2.498(R)|      SLOW  |    2.990(R)|      SLOW  |clk_BUFGP         |   0.000|
addr_out<12>|    3.568(R)|      SLOW  |    2.955(R)|      SLOW  |clk_BUFGP         |   0.000|
addr_out<13>|    2.969(R)|      SLOW  |    3.075(R)|      SLOW  |clk_BUFGP         |   0.000|
addr_out<14>|    3.125(R)|      SLOW  |    2.957(R)|      SLOW  |clk_BUFGP         |   0.000|
addr_out<15>|    2.373(R)|      FAST  |    3.030(R)|      SLOW  |clk_BUFGP         |   0.000|
addr_out<16>|   -1.111(R)|      FAST  |    3.691(R)|      SLOW  |clk_BUFGP         |   0.000|
data_in<0>  |    0.405(R)|      FAST  |    2.479(R)|      SLOW  |clk_BUFGP         |   0.000|
data_in<1>  |    0.511(R)|      FAST  |    3.086(R)|      SLOW  |clk_BUFGP         |   0.000|
data_in<2>  |    0.730(R)|      FAST  |    2.488(R)|      SLOW  |clk_BUFGP         |   0.000|
data_in<3>  |    0.540(R)|      FAST  |    2.600(R)|      SLOW  |clk_BUFGP         |   0.000|
data_in<4>  |    0.696(R)|      FAST  |    1.948(R)|      SLOW  |clk_BUFGP         |   0.000|
data_in<5>  |    0.521(R)|      FAST  |    2.602(R)|      SLOW  |clk_BUFGP         |   0.000|
data_in<6>  |    0.430(R)|      FAST  |    2.745(R)|      SLOW  |clk_BUFGP         |   0.000|
data_in<7>  |    0.401(R)|      FAST  |    2.896(R)|      SLOW  |clk_BUFGP         |   0.000|
data_in<8>  |    0.522(R)|      FAST  |    2.157(R)|      SLOW  |clk_BUFGP         |   0.000|
data_in<9>  |    0.491(R)|      FAST  |    2.814(R)|      SLOW  |clk_BUFGP         |   0.000|
data_in<10> |    0.143(R)|      FAST  |    3.104(R)|      SLOW  |clk_BUFGP         |   0.000|
data_in<11> |    0.770(R)|      FAST  |    3.084(R)|      SLOW  |clk_BUFGP         |   0.000|
data_in<12> |    0.666(R)|      FAST  |    2.701(R)|      SLOW  |clk_BUFGP         |   0.000|
data_in<13> |    0.657(R)|      FAST  |    2.509(R)|      SLOW  |clk_BUFGP         |   0.000|
data_in<14> |   -0.116(R)|      FAST  |    3.065(R)|      SLOW  |clk_BUFGP         |   0.000|
data_in<15> |    0.128(R)|      FAST  |    3.061(R)|      SLOW  |clk_BUFGP         |   0.000|
regread     |    2.671(R)|      FAST  |    2.981(R)|      SLOW  |clk_BUFGP         |   0.000|
regwrite    |    3.424(R)|      SLOW  |    1.682(R)|      SLOW  |clk_BUFGP         |   0.000|
------------+------------+------------+------------+------------+------------------+--------+

Clock clk to Pad
------------+-----------------+------------+-----------------+------------+------------------+--------+
            |Max (slowest) clk|  Process   |Min (fastest) clk|  Process   |                  | Clock  |
Destination |  (edge) to PAD  |   Corner   |  (edge) to PAD  |   Corner   |Internal Clock(s) | Phase  |
------------+-----------------+------------+-----------------+------------+------------------+--------+
data_out<0> |        11.647(R)|      SLOW  |         4.230(R)|      FAST  |clk_BUFGP         |   0.000|
data_out<1> |        13.035(R)|      SLOW  |         4.801(R)|      FAST  |clk_BUFGP         |   0.000|
data_out<2> |        12.230(R)|      SLOW  |         4.463(R)|      FAST  |clk_BUFGP         |   0.000|
data_out<3> |        12.367(R)|      SLOW  |         4.338(R)|      FAST  |clk_BUFGP         |   0.000|
data_out<4> |        13.003(R)|      SLOW  |         4.974(R)|      FAST  |clk_BUFGP         |   0.000|
data_out<5> |        12.163(R)|      SLOW  |         4.417(R)|      FAST  |clk_BUFGP         |   0.000|
data_out<6> |        12.554(R)|      SLOW  |         4.728(R)|      FAST  |clk_BUFGP         |   0.000|
data_out<7> |        12.395(R)|      SLOW  |         4.468(R)|      FAST  |clk_BUFGP         |   0.000|
data_out<8> |        12.497(R)|      SLOW  |         4.555(R)|      FAST  |clk_BUFGP         |   0.000|
data_out<9> |        12.512(R)|      SLOW  |         4.370(R)|      FAST  |clk_BUFGP         |   0.000|
data_out<10>|        12.749(R)|      SLOW  |         4.625(R)|      FAST  |clk_BUFGP         |   0.000|
data_out<11>|        12.992(R)|      SLOW  |         4.992(R)|      FAST  |clk_BUFGP         |   0.000|
data_out<12>|        13.072(R)|      SLOW  |         4.430(R)|      FAST  |clk_BUFGP         |   0.000|
data_out<13>|        13.098(R)|      SLOW  |         4.676(R)|      FAST  |clk_BUFGP         |   0.000|
data_out<14>|        11.508(R)|      SLOW  |         4.137(R)|      FAST  |clk_BUFGP         |   0.000|
data_out<15>|        12.114(R)|      SLOW  |         4.214(R)|      FAST  |clk_BUFGP         |   0.000|
------------+-----------------+------------+-----------------+------------+------------------+--------+


Analysis completed Sun Oct 27 15:03:02 2019 
--------------------------------------------------------------------------------

Trace Settings:
-------------------------
Trace Settings 

Peak Memory Usage: 769 MB



