Command line:
   TB_ram_isim_beh.exe
     -simmode  gui
     -simrunnum  1
     -socket  43593

Tue Oct 29 15:00:48 2019


 Elaboration Time: 0.02 sec

 Current Memory Usage: 198.631 Meg

 Total Signals          : 20
 Total Nets             : 82
 Total Signal Drivers   : 12
 Total Blocks           : 3
 Total Primitive Blocks : 2
 Total Processes        : 18
 Total Traceable Variables  : 30
 Total Scalar Nets and Variables : 2097551
Total Line Count : 75

 Total Simulation Time: 0.04 sec

 Current Memory Usage: 274.133 Meg

Tue Oct 29 15:12:16 2019

